Added Component: Designator=C1(el5)
Added Component: Designator=C2(el5)
Added Component: Designator=C3(el3)
Added Component: Designator=C4(_1206)
Added Component: Designator=C5(_1206)
Added Component: Designator=D1(DF01)
Added Component: Designator=JP9(BT5-3)
Added Component: Designator=T1(BV EI 422 1226_L)
Added Component: Designator=U2(SIP-G3/Z11.05)
Added Pin To Net: NetName=NetC1_1 Pin=C1-1
Added Pin To Net: NetName=NetC1_1 Pin=C2-1
Added Pin To Net: NetName=NetC1_1 Pin=D1-3
Added Pin To Net: NetName=NetC1_1 Pin=U2-1
Added Net: Name=NetC1_1
Added Pin To Net: NetName=NetD1_2 Pin=D1-2
Added Pin To Net: NetName=NetD1_2 Pin=T1-9
Added Net: Name=NetD1_2
Added Pin To Net: NetName=NetD1_4 Pin=D1-4
Added Pin To Net: NetName=NetD1_4 Pin=T1-7
Added Net: Name=NetD1_4
Added Pin To Net: NetName=NetJP9_3 Pin=JP9-3
Added Pin To Net: NetName=NetJP9_3 Pin=T1-5
Added Net: Name=NetJP9_3
Added Pin To Net: NetName=GND Pin=C1-2
Added Pin To Net: NetName=GND Pin=C2-2
Added Pin To Net: NetName=+5V Pin=C3-1
Added Pin To Net: NetName=GND Pin=C3-2
Added Pin To Net: NetName=GND Pin=C4-1
Added Pin To Net: NetName=+5V Pin=C4-2
Added Pin To Net: NetName=GND Pin=C5-1
Added Pin To Net: NetName=+5V Pin=C5-2
Added Pin To Net: NetName=GND Pin=D1-1
Added Pin To Net: NetName=NetJP9_1 Pin=JP9-1
Added Pin To Net: NetName=NetJP9_1 Pin=T1-1
Added Pin To Net: NetName=+5V Pin=U2-3
Added Pin To Net: NetName=GND Pin=U2-4
Added Member To Class: ClassName=fat51p Member=Component C1 
Added Member To Class: ClassName=fat51p Member=Component C2 
Added Member To Class: ClassName=fat51p Member=Component C3 
Added Member To Class: ClassName=fat51p Member=Component C4 Cap
Added Member To Class: ClassName=fat51p Member=Component C5 Cap
Added Member To Class: ClassName=fat51p Member=Component D1 DB107
Added Member To Class: ClassName=fat51p Member=Component JP9 Header 3
Added Member To Class: ClassName=fat51p Member=Component T1 BV EI 422 1222
Added Member To Class: ClassName=fat51p Member=Component U2 MC78M05CDT
