Added Component: Designator=C100(_1206)
Added Component: Designator=C101(CAP_EL_6_3)
Added Component: Designator=C102(CAP_EL_6_3)
Added Component: Designator=C103(_1206)
Added Component: Designator=C104(_1206)
Added Component: Designator=J1(jmp)
Added Component: Designator=J2(jmp)
Added Component: Designator=JP100(8i8p-5306)
Added Component: Designator=JP101(8i8p-5306)
Added Component: Designator=JP102(HDR1X5_uart)
Added Component: Designator=R100(_0805)
Added Component: Designator=R101(_0805)
Added Component: Designator=U100(SIP-G3/Z11.05)
Added Component: Designator=U101(QFP10X10-G44/G10N)
Added Component: Designator=Y100(QWARZ1)
Added Pin To Net: NetName=+5V_UD Pin=C102-1
Added Pin To Net: NetName=+5V_UD Pin=JP102-1
Added Pin To Net: NetName=+5V_UD Pin=U100-3
Added Pin To Net: NetName=+5V_UD Pin=U101-7
Added Pin To Net: NetName=+5V_UD Pin=U101-8
Added Pin To Net: NetName=+5V_UD Pin=U101-12
Added Pin To Net: NetName=+5V_UD Pin=U101-29
Added Net: Name=+5V_UD
Added Pin To Net: NetName=GNDUD Pin=C100-1
Added Pin To Net: NetName=GNDUD Pin=C101-2
Added Pin To Net: NetName=GNDUD Pin=C102-2
Added Pin To Net: NetName=GNDUD Pin=C103-1
Added Pin To Net: NetName=GNDUD Pin=C104-1
Added Pin To Net: NetName=GNDUD Pin=J1-1
Added Pin To Net: NetName=GNDUD Pin=J2-1
Added Pin To Net: NetName=GNDUD Pin=JP100-1
Added Pin To Net: NetName=GNDUD Pin=JP100-2
Added Pin To Net: NetName=GNDUD Pin=JP101-1
Added Pin To Net: NetName=GNDUD Pin=JP101-2
Added Pin To Net: NetName=GNDUD Pin=JP102-5
Added Pin To Net: NetName=GNDUD Pin=U100-4
Added Pin To Net: NetName=GNDUD Pin=U101-4
Added Pin To Net: NetName=GNDUD Pin=U101-13
Added Pin To Net: NetName=GNDUD Pin=U101-28
Added Net: Name=GNDUD
Added Pin To Net: NetName=NetC100_2 Pin=C100-2
Added Pin To Net: NetName=NetC100_2 Pin=U101-6
Added Net: Name=NetC100_2
Added Pin To Net: NetName=NetC101_1 Pin=C101-1
Added Pin To Net: NetName=NetC101_1 Pin=R100-2
Added Pin To Net: NetName=NetC101_1 Pin=U100-1
Added Net: Name=NetC101_1
Added Pin To Net: NetName=NetC103_2 Pin=C103-2
Added Pin To Net: NetName=NetC103_2 Pin=Y100-1
Added Net: Name=NetC103_2
Added Pin To Net: NetName=NetC104_2 Pin=C104-2
Added Pin To Net: NetName=NetC104_2 Pin=Y100-2
Added Net: Name=NetC104_2
Added Pin To Net: NetName=NetJ1_2 Pin=J1-2
Added Pin To Net: NetName=NetJ1_2 Pin=U101-43
Added Net: Name=NetJ1_2
Added Pin To Net: NetName=NetJ2_2 Pin=J2-2
Added Pin To Net: NetName=NetJ2_2 Pin=U101-44
Added Net: Name=NetJ2_2
Added Pin To Net: NetName=NetJP100_3 Pin=JP100-3
Added Pin To Net: NetName=NetJP100_3 Pin=JP100-4
Added Pin To Net: NetName=NetJP100_3 Pin=R100-1
Added Pin To Net: NetName=NetJP100_3 Pin=R101-2
Added Net: Name=NetJP100_3
Added Pin To Net: NetName=NetJP101_3 Pin=JP101-3
Added Pin To Net: NetName=NetJP101_3 Pin=JP101-4
Added Pin To Net: NetName=NetJP101_3 Pin=R101-1
Added Net: Name=NetJP101_3
Added Class: Name=UD
Added Room: Name=UD
